17 May 2021 - 16:40:48.090 [main] DEBUG o.s.boot.SpringApplication - Loading source class airquality.Homework1AirQualityApplication
17 May 2021 - 16:40:48.531 [background-preinit] WARN  o.s.h.c.j.Jackson2ObjectMapperBuilder - For Jackson Kotlin classes support please add "com.fasterxml.jackson.module:jackson-module-kotlin" to the classpath
17 May 2021 - 16:40:48.735 [main] DEBUG o.s.b.w.s.c.AnnotationConfigServletWebServerApplicationContext - Refreshing org.springframework.boot.web.servlet.context.AnnotationConfigServletWebServerApplicationContext@28fa700e
17 May 2021 - 16:40:51.206 [main] DEBUG o.s.b.w.e.t.TomcatServletWebServerFactory - Code archive: C:\Users\Alex\.m2\repository\org\springframework\boot\spring-boot\2.4.5\spring-boot-2.4.5.jar
17 May 2021 - 16:40:51.206 [main] DEBUG o.s.b.w.e.t.TomcatServletWebServerFactory - Code archive: C:\Users\Alex\.m2\repository\org\springframework\boot\spring-boot\2.4.5\spring-boot-2.4.5.jar
17 May 2021 - 16:40:51.206 [main] DEBUG o.s.b.w.e.t.TomcatServletWebServerFactory - None of the document roots [src/main/webapp, public, static] point to a directory and will be ignored.
17 May 2021 - 16:40:51.269 [main] INFO  o.s.b.w.e.tomcat.TomcatWebServer - Tomcat initialized with port(s): 0 (http)
17 May 2021 - 16:40:51.628 [main] DEBUG o.s.b.w.s.c.ServletWebServerApplicationContext - Published root WebApplicationContext as ServletContext attribute with name [org.springframework.web.context.WebApplicationContext.ROOT]
17 May 2021 - 16:40:51.628 [main] INFO  o.s.b.w.s.c.ServletWebServerApplicationContext - Root WebApplicationContext: initialization completed in 2893 ms
17 May 2021 - 16:40:51.754 [main] DEBUG o.s.b.w.s.ServletContextInitializerBeans - Mapping filters: characterEncodingFilter urls=[/*] order=-2147483648, formContentFilter urls=[/*] order=-9900, requestContextFilter urls=[/*] order=-105
17 May 2021 - 16:40:51.754 [main] DEBUG o.s.b.w.s.ServletContextInitializerBeans - Mapping servlets: dispatcherServlet urls=[/]
17 May 2021 - 16:40:51.804 [main] DEBUG o.s.b.w.s.f.OrderedRequestContextFilter - Filter 'requestContextFilter' configured for use
17 May 2021 - 16:40:51.804 [main] DEBUG o.s.b.w.s.f.OrderedCharacterEncodingFilter - Filter 'characterEncodingFilter' configured for use
17 May 2021 - 16:40:51.804 [main] DEBUG o.s.b.w.s.f.OrderedFormContentFilter - Filter 'formContentFilter' configured for use
17 May 2021 - 16:40:52.518 [main] DEBUG o.s.w.s.m.m.a.RequestMappingHandlerAdapter - ControllerAdvice beans: 0 @ModelAttribute, 0 @InitBinder, 1 RequestBodyAdvice, 1 ResponseBodyAdvice
17 May 2021 - 16:40:52.691 [main] DEBUG o.s.w.s.m.m.a.RequestMappingHandlerMapping - 11 mappings in 'requestMappingHandlerMapping'
17 May 2021 - 16:40:52.706 [main] INFO  o.s.b.a.w.s.WelcomePageHandlerMapping - Adding welcome page template: index
17 May 2021 - 16:40:52.847 [main] DEBUG o.s.w.s.h.SimpleUrlHandlerMapping - Patterns [/webjars/**, /**] in 'resourceHandlerMapping'
17 May 2021 - 16:40:52.894 [main] DEBUG o.s.w.s.m.m.a.ExceptionHandlerExceptionResolver - ControllerAdvice beans: 0 @ExceptionHandler, 1 ResponseBodyAdvice
17 May 2021 - 16:40:53.941 [main] INFO  o.s.b.w.e.tomcat.TomcatWebServer - Tomcat started on port(s): 60364 (http) with context path ''
17 May 2021 - 16:40:53.973 [main] DEBUG o.s.boot.devtools.restart.Restarter - Creating new Restarter for thread Thread[main,5,main]
17 May 2021 - 16:40:57.902 [http-nio-auto-1-exec-1] INFO  o.s.web.servlet.DispatcherServlet - Initializing Servlet 'dispatcherServlet'
17 May 2021 - 16:40:57.903 [http-nio-auto-1-exec-1] DEBUG o.s.web.servlet.DispatcherServlet - Detected StandardServletMultipartResolver
17 May 2021 - 16:40:57.904 [http-nio-auto-1-exec-1] DEBUG o.s.web.servlet.DispatcherServlet - Detected AcceptHeaderLocaleResolver
17 May 2021 - 16:40:57.904 [http-nio-auto-1-exec-1] DEBUG o.s.web.servlet.DispatcherServlet - Detected FixedThemeResolver
17 May 2021 - 16:40:57.906 [http-nio-auto-1-exec-1] DEBUG o.s.web.servlet.DispatcherServlet - Detected org.springframework.web.servlet.view.DefaultRequestToViewNameTranslator@467696d8
17 May 2021 - 16:40:57.906 [http-nio-auto-1-exec-1] DEBUG o.s.web.servlet.DispatcherServlet - Detected org.springframework.web.servlet.support.SessionFlashMapManager@2ecb6f2b
17 May 2021 - 16:40:57.907 [http-nio-auto-1-exec-1] DEBUG o.s.web.servlet.DispatcherServlet - enableLoggingRequestDetails='false': request parameters and headers will be masked to prevent unsafe logging of potentially sensitive data
17 May 2021 - 16:40:57.907 [http-nio-auto-1-exec-1] INFO  o.s.web.servlet.DispatcherServlet - Completed initialization in 4 ms
17 May 2021 - 16:40:57.926 [http-nio-auto-1-exec-1] DEBUG o.s.web.servlet.DispatcherServlet - GET "/", parameters={}
17 May 2021 - 16:40:57.932 [http-nio-auto-1-exec-1] DEBUG o.s.w.s.m.m.a.RequestMappingHandlerMapping - Mapped to airquality.controller.HomeController#index(Model)
17 May 2021 - 16:40:57.989 [http-nio-auto-1-exec-1] DEBUG o.s.w.s.v.ContentNegotiatingViewResolver - Selected 'text/html' given [text/html, application/xhtml+xml, image/avif, image/webp, image/apng, application/xml;q=0.9, application/signed-exchange;v=b3;q=0.9, */*;q=0.8]
17 May 2021 - 16:40:58.615 [http-nio-auto-1-exec-1] DEBUG o.s.web.servlet.DispatcherServlet - Completed 200 OK
17 May 2021 - 16:40:58.665 [http-nio-auto-1-exec-2] DEBUG o.s.web.servlet.DispatcherServlet - GET "/css/bootstrap.min.css", parameters={}
17 May 2021 - 16:40:58.670 [http-nio-auto-1-exec-4] DEBUG o.s.web.servlet.DispatcherServlet - GET "/css/font-awesome.min.css", parameters={}
17 May 2021 - 16:40:58.671 [http-nio-auto-1-exec-5] DEBUG o.s.web.servlet.DispatcherServlet - GET "/css/style.css", parameters={}
17 May 2021 - 16:40:58.671 [http-nio-auto-1-exec-3] DEBUG o.s.web.servlet.DispatcherServlet - GET "/css/et-lineicon.css", parameters={}
17 May 2021 - 16:40:58.678 [http-nio-auto-1-exec-6] DEBUG o.s.web.servlet.DispatcherServlet - GET "/js/jquery.min.js", parameters={}
17 May 2021 - 16:40:58.685 [http-nio-auto-1-exec-7] DEBUG o.s.web.servlet.DispatcherServlet - GET "/js/jquery.lwtCountdown-1.0.js", parameters={}
17 May 2021 - 16:40:58.692 [http-nio-auto-1-exec-7] DEBUG o.s.w.s.h.SimpleUrlHandlerMapping - Mapped to ResourceHttpRequestHandler [Classpath [META-INF/resources/], Classpath [resources/], Classpath [static/], Classpath [public/], ServletContext [/]]
17 May 2021 - 16:40:58.692 [http-nio-auto-1-exec-2] DEBUG o.s.w.s.h.SimpleUrlHandlerMapping - Mapped to ResourceHttpRequestHandler [Classpath [META-INF/resources/], Classpath [resources/], Classpath [static/], Classpath [public/], ServletContext [/]]
17 May 2021 - 16:40:58.692 [http-nio-auto-1-exec-5] DEBUG o.s.w.s.h.SimpleUrlHandlerMapping - Mapped to ResourceHttpRequestHandler [Classpath [META-INF/resources/], Classpath [resources/], Classpath [static/], Classpath [public/], ServletContext [/]]
17 May 2021 - 16:40:58.692 [http-nio-auto-1-exec-3] DEBUG o.s.w.s.h.SimpleUrlHandlerMapping - Mapped to ResourceHttpRequestHandler [Classpath [META-INF/resources/], Classpath [resources/], Classpath [static/], Classpath [public/], ServletContext [/]]
17 May 2021 - 16:40:58.692 [http-nio-auto-1-exec-4] DEBUG o.s.w.s.h.SimpleUrlHandlerMapping - Mapped to ResourceHttpRequestHandler [Classpath [META-INF/resources/], Classpath [resources/], Classpath [static/], Classpath [public/], ServletContext [/]]
17 May 2021 - 16:40:58.693 [http-nio-auto-1-exec-6] DEBUG o.s.w.s.h.SimpleUrlHandlerMapping - Mapped to ResourceHttpRequestHandler [Classpath [META-INF/resources/], Classpath [resources/], Classpath [static/], Classpath [public/], ServletContext [/]]
17 May 2021 - 16:40:58.731 [http-nio-auto-1-exec-7] DEBUG o.s.web.servlet.DispatcherServlet - Completed 200 OK
17 May 2021 - 16:40:58.733 [http-nio-auto-1-exec-2] DEBUG o.s.web.servlet.DispatcherServlet - Completed 200 OK
17 May 2021 - 16:40:58.733 [http-nio-auto-1-exec-3] DEBUG o.s.web.servlet.DispatcherServlet - Completed 200 OK
17 May 2021 - 16:40:58.739 [http-nio-auto-1-exec-4] DEBUG o.s.web.servlet.DispatcherServlet - Completed 200 OK
17 May 2021 - 16:40:58.745 [http-nio-auto-1-exec-5] DEBUG o.s.web.servlet.DispatcherServlet - Completed 200 OK
17 May 2021 - 16:40:58.748 [http-nio-auto-1-exec-8] DEBUG o.s.web.servlet.DispatcherServlet - GET "/js/jquery.stellar.min.js", parameters={}
17 May 2021 - 16:40:58.749 [http-nio-auto-1-exec-8] DEBUG o.s.w.s.h.SimpleUrlHandlerMapping - Mapped to ResourceHttpRequestHandler [Classpath [META-INF/resources/], Classpath [resources/], Classpath [static/], Classpath [public/], ServletContext [/]]
17 May 2021 - 16:40:58.749 [http-nio-auto-1-exec-10] DEBUG o.s.web.servlet.DispatcherServlet - GET "/js/animated.js", parameters={}
17 May 2021 - 16:40:58.749 [http-nio-auto-1-exec-9] DEBUG o.s.web.servlet.DispatcherServlet - GET "/js/jquery.nicescroll.min.js", parameters={}
17 May 2021 - 16:40:58.750 [http-nio-auto-1-exec-10] DEBUG o.s.w.s.h.SimpleUrlHandlerMapping - Mapped to ResourceHttpRequestHandler [Classpath [META-INF/resources/], Classpath [resources/], Classpath [static/], Classpath [public/], ServletContext [/]]
17 May 2021 - 16:40:58.752 [http-nio-auto-1-exec-9] DEBUG o.s.w.s.h.SimpleUrlHandlerMapping - Mapped to ResourceHttpRequestHandler [Classpath [META-INF/resources/], Classpath [resources/], Classpath [static/], Classpath [public/], ServletContext [/]]
17 May 2021 - 16:40:58.764 [http-nio-auto-1-exec-1] DEBUG o.s.web.servlet.DispatcherServlet - GET "/js/main.js", parameters={}
17 May 2021 - 16:40:58.765 [http-nio-auto-1-exec-1] DEBUG o.s.w.s.h.SimpleUrlHandlerMapping - Mapped to ResourceHttpRequestHandler [Classpath [META-INF/resources/], Classpath [resources/], Classpath [static/], Classpath [public/], ServletContext [/]]
17 May 2021 - 16:40:58.780 [http-nio-auto-1-exec-10] DEBUG o.s.web.servlet.DispatcherServlet - Completed 200 OK
17 May 2021 - 16:40:58.807 [http-nio-auto-1-exec-1] DEBUG o.s.web.servlet.DispatcherServlet - Completed 200 OK
17 May 2021 - 16:40:58.820 [http-nio-auto-1-exec-8] DEBUG o.s.web.servlet.DispatcherServlet - Completed 200 OK
17 May 2021 - 16:40:58.837 [http-nio-auto-1-exec-6] DEBUG o.s.web.servlet.DispatcherServlet - Completed 200 OK
17 May 2021 - 16:40:58.846 [http-nio-auto-1-exec-9] DEBUG o.s.web.servlet.DispatcherServlet - Completed 200 OK
17 May 2021 - 16:40:58.885 [http-nio-auto-1-exec-7] DEBUG o.s.web.servlet.DispatcherServlet - GET "/fonts/fontawesome-webfont.woff?v=4.2.0", parameters={masked}
17 May 2021 - 16:40:58.892 [http-nio-auto-1-exec-7] DEBUG o.s.w.s.h.SimpleUrlHandlerMapping - Mapped to ResourceHttpRequestHandler [Classpath [META-INF/resources/], Classpath [resources/], Classpath [static/], Classpath [public/], ServletContext [/]]
17 May 2021 - 16:40:58.940 [http-nio-auto-1-exec-7] DEBUG o.s.web.servlet.DispatcherServlet - Completed 200 OK
17 May 2021 - 16:40:58.981 [http-nio-auto-1-exec-2] DEBUG o.s.web.servlet.DispatcherServlet - GET "/favicon.ico", parameters={}
17 May 2021 - 16:40:58.983 [http-nio-auto-1-exec-2] DEBUG o.s.w.s.h.SimpleUrlHandlerMapping - Mapped to ResourceHttpRequestHandler [Classpath [META-INF/resources/], Classpath [resources/], Classpath [static/], Classpath [public/], ServletContext [/]]
17 May 2021 - 16:40:58.986 [http-nio-auto-1-exec-2] DEBUG o.s.w.s.r.ResourceHttpRequestHandler - Resource not found
17 May 2021 - 16:40:58.987 [http-nio-auto-1-exec-2] DEBUG o.s.web.servlet.DispatcherServlet - Completed 404 NOT_FOUND
17 May 2021 - 16:40:58.996 [http-nio-auto-1-exec-2] DEBUG o.s.web.servlet.DispatcherServlet - "ERROR" dispatch for GET "/error", parameters={}
17 May 2021 - 16:40:58.999 [http-nio-auto-1-exec-2] DEBUG o.s.w.s.m.m.a.RequestMappingHandlerMapping - Mapped to org.springframework.boot.autoconfigure.web.servlet.error.BasicErrorController#error(HttpServletRequest)
17 May 2021 - 16:40:59.038 [http-nio-auto-1-exec-2] DEBUG o.s.w.s.m.m.a.HttpEntityMethodProcessor - Using 'application/json;q=0.8', given [image/avif, image/webp, image/apng, image/svg+xml, image/*, */*;q=0.8] and supported [application/json, application/*+json, application/json, application/*+json]
17 May 2021 - 16:40:59.040 [http-nio-auto-1-exec-2] DEBUG o.s.w.s.m.m.a.HttpEntityMethodProcessor - Writing [{timestamp=Mon May 17 16:40:59 BST 2021, status=404, error=Not Found, message=, path=/favicon.ico}]
17 May 2021 - 16:40:59.196 [http-nio-auto-1-exec-2] DEBUG o.s.web.servlet.DispatcherServlet - Exiting from "ERROR" dispatch, status 404
17 May 2021 - 16:40:59.266 [http-nio-auto-1-exec-3] DEBUG o.s.web.servlet.DispatcherServlet - GET "/cacheStatistics", parameters={}
17 May 2021 - 16:40:59.266 [http-nio-auto-1-exec-3] DEBUG o.s.w.s.m.m.a.RequestMappingHandlerMapping - Mapped to airquality.controller.LocationController#cacheInfo(Model)
17 May 2021 - 16:40:59.270 [http-nio-auto-1-exec-3] DEBUG o.s.w.s.v.ContentNegotiatingViewResolver - Selected 'text/html' given [text/html, application/xhtml+xml, image/avif, image/webp, image/apng, application/xml;q=0.9, application/signed-exchange;v=b3;q=0.9, */*;q=0.8]
17 May 2021 - 16:40:59.348 [http-nio-auto-1-exec-3] DEBUG o.s.web.servlet.DispatcherServlet - Completed 200 OK
17 May 2021 - 16:41:01.263 [http-nio-auto-1-exec-9] DEBUG o.s.web.servlet.DispatcherServlet - GET "/", parameters={}
17 May 2021 - 16:41:01.264 [http-nio-auto-1-exec-9] DEBUG o.s.w.s.m.m.a.RequestMappingHandlerMapping - Mapped to airquality.controller.HomeController#index(Model)
17 May 2021 - 16:41:01.272 [http-nio-auto-1-exec-9] DEBUG o.s.w.s.v.ContentNegotiatingViewResolver - Selected 'text/html' given [text/html, application/xhtml+xml, image/avif, image/webp, image/apng, application/xml;q=0.9, application/signed-exchange;v=b3;q=0.9, */*;q=0.8]
17 May 2021 - 16:41:01.278 [http-nio-auto-1-exec-9] DEBUG o.s.web.servlet.DispatcherServlet - Completed 200 OK
17 May 2021 - 16:41:01.382 [http-nio-auto-1-exec-7] DEBUG o.s.web.servlet.DispatcherServlet - GET "/css/bootstrap.min.css", parameters={}
17 May 2021 - 16:41:01.385 [http-nio-auto-1-exec-2] DEBUG o.s.web.servlet.DispatcherServlet - GET "/css/et-lineicon.css", parameters={}
17 May 2021 - 16:41:01.390 [http-nio-auto-1-exec-4] DEBUG o.s.web.servlet.DispatcherServlet - GET "/css/style.css", parameters={}
17 May 2021 - 16:41:01.393 [http-nio-auto-1-exec-3] DEBUG o.s.web.servlet.DispatcherServlet - GET "/css/font-awesome.min.css", parameters={}
17 May 2021 - 16:41:01.396 [http-nio-auto-1-exec-5] DEBUG o.s.web.servlet.DispatcherServlet - GET "/js/jquery.min.js", parameters={}
17 May 2021 - 16:41:01.393 [http-nio-auto-1-exec-2] DEBUG o.s.w.s.h.SimpleUrlHandlerMapping - Mapped to ResourceHttpRequestHandler [Classpath [META-INF/resources/], Classpath [resources/], Classpath [static/], Classpath [public/], ServletContext [/]]
17 May 2021 - 16:41:01.396 [http-nio-auto-1-exec-4] DEBUG o.s.w.s.h.SimpleUrlHandlerMapping - Mapped to ResourceHttpRequestHandler [Classpath [META-INF/resources/], Classpath [resources/], Classpath [static/], Classpath [public/], ServletContext [/]]
17 May 2021 - 16:41:01.397 [http-nio-auto-1-exec-3] DEBUG o.s.w.s.h.SimpleUrlHandlerMapping - Mapped to ResourceHttpRequestHandler [Classpath [META-INF/resources/], Classpath [resources/], Classpath [static/], Classpath [public/], ServletContext [/]]
17 May 2021 - 16:41:01.397 [http-nio-auto-1-exec-5] DEBUG o.s.w.s.h.SimpleUrlHandlerMapping - Mapped to ResourceHttpRequestHandler [Classpath [META-INF/resources/], Classpath [resources/], Classpath [static/], Classpath [public/], ServletContext [/]]
17 May 2021 - 16:41:01.399 [http-nio-auto-1-exec-1] DEBUG o.s.web.servlet.DispatcherServlet - GET "/js/jquery.lwtCountdown-1.0.js", parameters={}
17 May 2021 - 16:41:01.391 [http-nio-auto-1-exec-7] DEBUG o.s.w.s.h.SimpleUrlHandlerMapping - Mapped to ResourceHttpRequestHandler [Classpath [META-INF/resources/], Classpath [resources/], Classpath [static/], Classpath [public/], ServletContext [/]]
17 May 2021 - 16:41:01.400 [http-nio-auto-1-exec-1] DEBUG o.s.w.s.h.SimpleUrlHandlerMapping - Mapped to ResourceHttpRequestHandler [Classpath [META-INF/resources/], Classpath [resources/], Classpath [static/], Classpath [public/], ServletContext [/]]
17 May 2021 - 16:41:01.406 [http-nio-auto-1-exec-2] DEBUG o.s.web.servlet.DispatcherServlet - Completed 200 OK
17 May 2021 - 16:41:01.406 [http-nio-auto-1-exec-4] DEBUG o.s.web.servlet.DispatcherServlet - Completed 200 OK
17 May 2021 - 16:41:01.412 [http-nio-auto-1-exec-1] DEBUG o.s.web.servlet.DispatcherServlet - Completed 200 OK
17 May 2021 - 16:41:01.410 [http-nio-auto-1-exec-3] DEBUG o.s.web.servlet.DispatcherServlet - Completed 200 OK
17 May 2021 - 16:41:01.409 [http-nio-auto-1-exec-7] DEBUG o.s.web.servlet.DispatcherServlet - Completed 200 OK
17 May 2021 - 16:41:01.406 [http-nio-auto-1-exec-5] DEBUG o.s.web.servlet.DispatcherServlet - Completed 200 OK
17 May 2021 - 16:41:01.425 [http-nio-auto-1-exec-8] DEBUG o.s.web.servlet.DispatcherServlet - GET "/js/jquery.stellar.min.js", parameters={}
17 May 2021 - 16:41:01.426 [http-nio-auto-1-exec-9] DEBUG o.s.web.servlet.DispatcherServlet - GET "/js/main.js", parameters={}
17 May 2021 - 16:41:01.426 [http-nio-auto-1-exec-6] DEBUG o.s.web.servlet.DispatcherServlet - GET "/js/animated.js", parameters={}
17 May 2021 - 16:41:01.426 [http-nio-auto-1-exec-8] DEBUG o.s.w.s.h.SimpleUrlHandlerMapping - Mapped to ResourceHttpRequestHandler [Classpath [META-INF/resources/], Classpath [resources/], Classpath [static/], Classpath [public/], ServletContext [/]]
17 May 2021 - 16:41:01.427 [http-nio-auto-1-exec-6] DEBUG o.s.w.s.h.SimpleUrlHandlerMapping - Mapped to ResourceHttpRequestHandler [Classpath [META-INF/resources/], Classpath [resources/], Classpath [static/], Classpath [public/], ServletContext [/]]
17 May 2021 - 16:41:01.427 [http-nio-auto-1-exec-9] DEBUG o.s.w.s.h.SimpleUrlHandlerMapping - Mapped to ResourceHttpRequestHandler [Classpath [META-INF/resources/], Classpath [resources/], Classpath [static/], Classpath [public/], ServletContext [/]]
17 May 2021 - 16:41:01.429 [http-nio-auto-1-exec-10] DEBUG o.s.web.servlet.DispatcherServlet - GET "/js/jquery.nicescroll.min.js", parameters={}
17 May 2021 - 16:41:01.430 [http-nio-auto-1-exec-10] DEBUG o.s.w.s.h.SimpleUrlHandlerMapping - Mapped to ResourceHttpRequestHandler [Classpath [META-INF/resources/], Classpath [resources/], Classpath [static/], Classpath [public/], ServletContext [/]]
17 May 2021 - 16:41:01.437 [http-nio-auto-1-exec-9] DEBUG o.s.web.servlet.DispatcherServlet - Completed 200 OK
17 May 2021 - 16:41:01.440 [http-nio-auto-1-exec-8] DEBUG o.s.web.servlet.DispatcherServlet - Completed 200 OK
17 May 2021 - 16:41:01.442 [http-nio-auto-1-exec-6] DEBUG o.s.web.servlet.DispatcherServlet - Completed 200 OK
17 May 2021 - 16:41:01.442 [http-nio-auto-1-exec-10] DEBUG o.s.web.servlet.DispatcherServlet - Completed 200 OK
17 May 2021 - 16:41:01.633 [http-nio-auto-1-exec-2] DEBUG o.s.web.servlet.DispatcherServlet - GET "/fonts/fontawesome-webfont.woff?v=4.2.0", parameters={masked}
17 May 2021 - 16:41:01.634 [http-nio-auto-1-exec-2] DEBUG o.s.w.s.h.SimpleUrlHandlerMapping - Mapped to ResourceHttpRequestHandler [Classpath [META-INF/resources/], Classpath [resources/], Classpath [static/], Classpath [public/], ServletContext [/]]
17 May 2021 - 16:41:01.643 [http-nio-auto-1-exec-2] DEBUG o.s.web.servlet.DispatcherServlet - Completed 200 OK
17 May 2021 - 16:41:01.700 [http-nio-auto-1-exec-1] DEBUG o.s.web.servlet.DispatcherServlet - GET "/favicon.ico", parameters={}
17 May 2021 - 16:41:01.702 [http-nio-auto-1-exec-1] DEBUG o.s.w.s.h.SimpleUrlHandlerMapping - Mapped to ResourceHttpRequestHandler [Classpath [META-INF/resources/], Classpath [resources/], Classpath [static/], Classpath [public/], ServletContext [/]]
17 May 2021 - 16:41:01.704 [http-nio-auto-1-exec-1] DEBUG o.s.w.s.r.ResourceHttpRequestHandler - Resource not found
17 May 2021 - 16:41:01.705 [http-nio-auto-1-exec-1] DEBUG o.s.web.servlet.DispatcherServlet - Completed 404 NOT_FOUND
17 May 2021 - 16:41:01.706 [http-nio-auto-1-exec-1] DEBUG o.s.web.servlet.DispatcherServlet - "ERROR" dispatch for GET "/error", parameters={}
17 May 2021 - 16:41:01.707 [http-nio-auto-1-exec-1] DEBUG o.s.w.s.m.m.a.RequestMappingHandlerMapping - Mapped to org.springframework.boot.autoconfigure.web.servlet.error.BasicErrorController#error(HttpServletRequest)
17 May 2021 - 16:41:01.708 [http-nio-auto-1-exec-1] DEBUG o.s.w.s.m.m.a.HttpEntityMethodProcessor - Using 'application/json;q=0.8', given [image/avif, image/webp, image/apng, image/svg+xml, image/*, */*;q=0.8] and supported [application/json, application/*+json, application/json, application/*+json]
17 May 2021 - 16:41:01.709 [http-nio-auto-1-exec-1] DEBUG o.s.w.s.m.m.a.HttpEntityMethodProcessor - Writing [{timestamp=Mon May 17 16:41:01 BST 2021, status=404, error=Not Found, message=, path=/favicon.ico}]
17 May 2021 - 16:41:01.711 [http-nio-auto-1-exec-1] DEBUG o.s.web.servlet.DispatcherServlet - Exiting from "ERROR" dispatch, status 404
17 May 2021 - 16:41:01.949 [http-nio-auto-1-exec-3] DEBUG o.s.web.servlet.DispatcherServlet - GET "/images/pattern.png", parameters={}
17 May 2021 - 16:41:01.950 [http-nio-auto-1-exec-3] DEBUG o.s.w.s.h.SimpleUrlHandlerMapping - Mapped to ResourceHttpRequestHandler [Classpath [META-INF/resources/], Classpath [resources/], Classpath [static/], Classpath [public/], ServletContext [/]]
17 May 2021 - 16:41:01.955 [http-nio-auto-1-exec-3] DEBUG o.s.web.servlet.DispatcherServlet - Completed 200 OK
17 May 2021 - 16:41:02.191 [http-nio-auto-1-exec-4] DEBUG o.s.web.servlet.DispatcherServlet - GET "/location?name=Porto", parameters={masked}
17 May 2021 - 16:41:02.192 [http-nio-auto-1-exec-4] DEBUG o.s.w.s.m.m.a.RequestMappingHandlerMapping - Mapped to airquality.controller.LocationController#getDataByLocation(Location, Model)
17 May 2021 - 16:41:03.850 [http-nio-auto-1-exec-4] DEBUG o.s.w.s.v.ContentNegotiatingViewResolver - Selected 'text/html' given [text/html, application/xhtml+xml, image/avif, image/webp, image/apng, application/xml;q=0.9, application/signed-exchange;v=b3;q=0.9, */*;q=0.8]
17 May 2021 - 16:41:03.865 [http-nio-auto-1-exec-4] DEBUG o.s.web.servlet.DispatcherServlet - Completed 200 OK
17 May 2021 - 16:41:05.486 [http-nio-auto-1-exec-2] DEBUG o.s.web.servlet.DispatcherServlet - GET "/", parameters={}
17 May 2021 - 16:41:05.488 [http-nio-auto-1-exec-2] DEBUG o.s.w.s.m.m.a.RequestMappingHandlerMapping - Mapped to airquality.controller.HomeController#index(Model)
17 May 2021 - 16:41:05.491 [http-nio-auto-1-exec-2] DEBUG o.s.w.s.v.ContentNegotiatingViewResolver - Selected 'text/html' given [text/html, application/xhtml+xml, image/avif, image/webp, image/apng, application/xml;q=0.9, application/signed-exchange;v=b3;q=0.9, */*;q=0.8]
17 May 2021 - 16:41:05.496 [http-nio-auto-1-exec-2] DEBUG o.s.web.servlet.DispatcherServlet - Completed 200 OK
17 May 2021 - 16:41:05.561 [http-nio-auto-1-exec-1] DEBUG o.s.web.servlet.DispatcherServlet - GET "/css/bootstrap.min.css", parameters={}
17 May 2021 - 16:41:05.563 [http-nio-auto-1-exec-1] DEBUG o.s.w.s.h.SimpleUrlHandlerMapping - Mapped to ResourceHttpRequestHandler [Classpath [META-INF/resources/], Classpath [resources/], Classpath [static/], Classpath [public/], ServletContext [/]]
17 May 2021 - 16:41:05.566 [http-nio-auto-1-exec-4] DEBUG o.s.web.servlet.DispatcherServlet - GET "/css/font-awesome.min.css", parameters={}
17 May 2021 - 16:41:05.567 [http-nio-auto-1-exec-4] DEBUG o.s.w.s.h.SimpleUrlHandlerMapping - Mapped to ResourceHttpRequestHandler [Classpath [META-INF/resources/], Classpath [resources/], Classpath [static/], Classpath [public/], ServletContext [/]]
17 May 2021 - 16:41:05.567 [http-nio-auto-1-exec-3] DEBUG o.s.web.servlet.DispatcherServlet - GET "/css/et-lineicon.css", parameters={}
17 May 2021 - 16:41:05.571 [http-nio-auto-1-exec-3] DEBUG o.s.w.s.h.SimpleUrlHandlerMapping - Mapped to ResourceHttpRequestHandler [Classpath [META-INF/resources/], Classpath [resources/], Classpath [static/], Classpath [public/], ServletContext [/]]
17 May 2021 - 16:41:05.574 [http-nio-auto-1-exec-7] DEBUG o.s.web.servlet.DispatcherServlet - GET "/css/style.css", parameters={}
17 May 2021 - 16:41:05.575 [http-nio-auto-1-exec-5] DEBUG o.s.web.servlet.DispatcherServlet - GET "/js/jquery.min.js", parameters={}
17 May 2021 - 16:41:05.577 [http-nio-auto-1-exec-7] DEBUG o.s.w.s.h.SimpleUrlHandlerMapping - Mapped to ResourceHttpRequestHandler [Classpath [META-INF/resources/], Classpath [resources/], Classpath [static/], Classpath [public/], ServletContext [/]]
17 May 2021 - 16:41:05.578 [http-nio-auto-1-exec-9] DEBUG o.s.web.servlet.DispatcherServlet - GET "/js/jquery.lwtCountdown-1.0.js", parameters={}
17 May 2021 - 16:41:05.577 [http-nio-auto-1-exec-1] DEBUG o.s.web.servlet.DispatcherServlet - Completed 200 OK
17 May 2021 - 16:41:05.577 [http-nio-auto-1-exec-5] DEBUG o.s.w.s.h.SimpleUrlHandlerMapping - Mapped to ResourceHttpRequestHandler [Classpath [META-INF/resources/], Classpath [resources/], Classpath [static/], Classpath [public/], ServletContext [/]]
17 May 2021 - 16:41:05.581 [http-nio-auto-1-exec-9] DEBUG o.s.w.s.h.SimpleUrlHandlerMapping - Mapped to ResourceHttpRequestHandler [Classpath [META-INF/resources/], Classpath [resources/], Classpath [static/], Classpath [public/], ServletContext [/]]
17 May 2021 - 16:41:05.583 [http-nio-auto-1-exec-8] DEBUG o.s.web.servlet.DispatcherServlet - GET "/js/jquery.stellar.min.js", parameters={}
17 May 2021 - 16:41:05.585 [http-nio-auto-1-exec-8] DEBUG o.s.w.s.h.SimpleUrlHandlerMapping - Mapped to ResourceHttpRequestHandler [Classpath [META-INF/resources/], Classpath [resources/], Classpath [static/], Classpath [public/], ServletContext [/]]
17 May 2021 - 16:41:05.594 [http-nio-auto-1-exec-3] DEBUG o.s.web.servlet.DispatcherServlet - Completed 200 OK
17 May 2021 - 16:41:05.595 [http-nio-auto-1-exec-8] DEBUG o.s.web.servlet.DispatcherServlet - Completed 200 OK
17 May 2021 - 16:41:05.596 [http-nio-auto-1-exec-4] DEBUG o.s.web.servlet.DispatcherServlet - Completed 200 OK
17 May 2021 - 16:41:05.597 [http-nio-auto-1-exec-7] DEBUG o.s.web.servlet.DispatcherServlet - Completed 200 OK
17 May 2021 - 16:41:05.593 [http-nio-auto-1-exec-9] DEBUG o.s.web.servlet.DispatcherServlet - Completed 200 OK
17 May 2021 - 16:41:05.601 [http-nio-auto-1-exec-10] DEBUG o.s.web.servlet.DispatcherServlet - GET "/js/animated.js", parameters={}
17 May 2021 - 16:41:05.601 [http-nio-auto-1-exec-6] DEBUG o.s.web.servlet.DispatcherServlet - GET "/js/jquery.nicescroll.min.js", parameters={}
17 May 2021 - 16:41:05.602 [http-nio-auto-1-exec-5] DEBUG o.s.web.servlet.DispatcherServlet - Completed 200 OK
17 May 2021 - 16:41:05.602 [http-nio-auto-1-exec-6] DEBUG o.s.w.s.h.SimpleUrlHandlerMapping - Mapped to ResourceHttpRequestHandler [Classpath [META-INF/resources/], Classpath [resources/], Classpath [static/], Classpath [public/], ServletContext [/]]
17 May 2021 - 16:41:05.603 [http-nio-auto-1-exec-10] DEBUG o.s.w.s.h.SimpleUrlHandlerMapping - Mapped to ResourceHttpRequestHandler [Classpath [META-INF/resources/], Classpath [resources/], Classpath [static/], Classpath [public/], ServletContext [/]]
17 May 2021 - 16:41:05.613 [http-nio-auto-1-exec-2] DEBUG o.s.web.servlet.DispatcherServlet - GET "/js/main.js", parameters={}
17 May 2021 - 16:41:05.614 [http-nio-auto-1-exec-6] DEBUG o.s.web.servlet.DispatcherServlet - Completed 200 OK
17 May 2021 - 16:41:05.614 [http-nio-auto-1-exec-2] DEBUG o.s.w.s.h.SimpleUrlHandlerMapping - Mapped to ResourceHttpRequestHandler [Classpath [META-INF/resources/], Classpath [resources/], Classpath [static/], Classpath [public/], ServletContext [/]]
17 May 2021 - 16:41:05.615 [http-nio-auto-1-exec-10] DEBUG o.s.web.servlet.DispatcherServlet - Completed 200 OK
17 May 2021 - 16:41:05.620 [http-nio-auto-1-exec-2] DEBUG o.s.web.servlet.DispatcherServlet - Completed 200 OK
17 May 2021 - 16:41:05.762 [http-nio-auto-1-exec-1] DEBUG o.s.web.servlet.DispatcherServlet - GET "/fonts/fontawesome-webfont.woff?v=4.2.0", parameters={masked}
17 May 2021 - 16:41:05.763 [http-nio-auto-1-exec-1] DEBUG o.s.w.s.h.SimpleUrlHandlerMapping - Mapped to ResourceHttpRequestHandler [Classpath [META-INF/resources/], Classpath [resources/], Classpath [static/], Classpath [public/], ServletContext [/]]
17 May 2021 - 16:41:05.771 [http-nio-auto-1-exec-1] DEBUG o.s.web.servlet.DispatcherServlet - Completed 200 OK
17 May 2021 - 16:41:05.830 [http-nio-auto-1-exec-8] DEBUG o.s.web.servlet.DispatcherServlet - GET "/favicon.ico", parameters={}
17 May 2021 - 16:41:05.832 [http-nio-auto-1-exec-8] DEBUG o.s.w.s.h.SimpleUrlHandlerMapping - Mapped to ResourceHttpRequestHandler [Classpath [META-INF/resources/], Classpath [resources/], Classpath [static/], Classpath [public/], ServletContext [/]]
17 May 2021 - 16:41:05.841 [http-nio-auto-1-exec-8] DEBUG o.s.w.s.r.ResourceHttpRequestHandler - Resource not found
17 May 2021 - 16:41:05.841 [http-nio-auto-1-exec-8] DEBUG o.s.web.servlet.DispatcherServlet - Completed 404 NOT_FOUND
17 May 2021 - 16:41:05.843 [http-nio-auto-1-exec-8] DEBUG o.s.web.servlet.DispatcherServlet - "ERROR" dispatch for GET "/error", parameters={}
17 May 2021 - 16:41:05.844 [http-nio-auto-1-exec-8] DEBUG o.s.w.s.m.m.a.RequestMappingHandlerMapping - Mapped to org.springframework.boot.autoconfigure.web.servlet.error.BasicErrorController#error(HttpServletRequest)
17 May 2021 - 16:41:05.846 [http-nio-auto-1-exec-8] DEBUG o.s.w.s.m.m.a.HttpEntityMethodProcessor - Using 'application/json;q=0.8', given [image/avif, image/webp, image/apng, image/svg+xml, image/*, */*;q=0.8] and supported [application/json, application/*+json, application/json, application/*+json]
17 May 2021 - 16:41:05.846 [http-nio-auto-1-exec-8] DEBUG o.s.w.s.m.m.a.HttpEntityMethodProcessor - Writing [{timestamp=Mon May 17 16:41:05 BST 2021, status=404, error=Not Found, message=, path=/favicon.ico}]
17 May 2021 - 16:41:05.847 [http-nio-auto-1-exec-8] DEBUG o.s.web.servlet.DispatcherServlet - Exiting from "ERROR" dispatch, status 404
17 May 2021 - 16:41:06.074 [http-nio-auto-1-exec-3] DEBUG o.s.web.servlet.DispatcherServlet - GET "/cacheStatistics", parameters={}
17 May 2021 - 16:41:06.075 [http-nio-auto-1-exec-3] DEBUG o.s.w.s.m.m.a.RequestMappingHandlerMapping - Mapped to airquality.controller.LocationController#cacheInfo(Model)
17 May 2021 - 16:41:06.076 [http-nio-auto-1-exec-3] DEBUG o.s.w.s.v.ContentNegotiatingViewResolver - Selected 'text/html' given [text/html, application/xhtml+xml, image/avif, image/webp, image/apng, application/xml;q=0.9, application/signed-exchange;v=b3;q=0.9, */*;q=0.8]
17 May 2021 - 16:41:06.081 [http-nio-auto-1-exec-3] DEBUG o.s.web.servlet.DispatcherServlet - Completed 200 OK
17 May 2021 - 16:41:07.863 [http-nio-auto-1-exec-2] DEBUG o.s.web.servlet.DispatcherServlet - GET "/", parameters={}
17 May 2021 - 16:41:07.864 [http-nio-auto-1-exec-2] DEBUG o.s.w.s.m.m.a.RequestMappingHandlerMapping - Mapped to airquality.controller.HomeController#index(Model)
17 May 2021 - 16:41:07.866 [http-nio-auto-1-exec-2] DEBUG o.s.w.s.v.ContentNegotiatingViewResolver - Selected 'text/html' given [text/html, application/xhtml+xml, image/avif, image/webp, image/apng, application/xml;q=0.9, application/signed-exchange;v=b3;q=0.9, */*;q=0.8]
17 May 2021 - 16:41:07.872 [http-nio-auto-1-exec-2] DEBUG o.s.web.servlet.DispatcherServlet - Completed 200 OK
17 May 2021 - 16:41:07.950 [http-nio-auto-1-exec-1] DEBUG o.s.web.servlet.DispatcherServlet - GET "/css/bootstrap.min.css", parameters={}
17 May 2021 - 16:41:07.953 [http-nio-auto-1-exec-1] DEBUG o.s.w.s.h.SimpleUrlHandlerMapping - Mapped to ResourceHttpRequestHandler [Classpath [META-INF/resources/], Classpath [resources/], Classpath [static/], Classpath [public/], ServletContext [/]]
17 May 2021 - 16:41:07.955 [http-nio-auto-1-exec-8] DEBUG o.s.web.servlet.DispatcherServlet - GET "/css/et-lineicon.css", parameters={}
17 May 2021 - 16:41:07.957 [http-nio-auto-1-exec-4] DEBUG o.s.web.servlet.DispatcherServlet - GET "/css/style.css", parameters={}
17 May 2021 - 16:41:07.958 [http-nio-auto-1-exec-3] DEBUG o.s.web.servlet.DispatcherServlet - GET "/css/font-awesome.min.css", parameters={}
17 May 2021 - 16:41:07.958 [http-nio-auto-1-exec-8] DEBUG o.s.w.s.h.SimpleUrlHandlerMapping - Mapped to ResourceHttpRequestHandler [Classpath [META-INF/resources/], Classpath [resources/], Classpath [static/], Classpath [public/], ServletContext [/]]
17 May 2021 - 16:41:07.959 [http-nio-auto-1-exec-3] DEBUG o.s.w.s.h.SimpleUrlHandlerMapping - Mapped to ResourceHttpRequestHandler [Classpath [META-INF/resources/], Classpath [resources/], Classpath [static/], Classpath [public/], ServletContext [/]]
17 May 2021 - 16:41:07.959 [http-nio-auto-1-exec-4] DEBUG o.s.w.s.h.SimpleUrlHandlerMapping - Mapped to ResourceHttpRequestHandler [Classpath [META-INF/resources/], Classpath [resources/], Classpath [static/], Classpath [public/], ServletContext [/]]
17 May 2021 - 16:41:07.961 [http-nio-auto-1-exec-9] DEBUG o.s.web.servlet.DispatcherServlet - GET "/js/jquery.lwtCountdown-1.0.js", parameters={}
17 May 2021 - 16:41:07.962 [http-nio-auto-1-exec-7] DEBUG o.s.web.servlet.DispatcherServlet - GET "/js/jquery.min.js", parameters={}
17 May 2021 - 16:41:07.963 [http-nio-auto-1-exec-9] DEBUG o.s.w.s.h.SimpleUrlHandlerMapping - Mapped to ResourceHttpRequestHandler [Classpath [META-INF/resources/], Classpath [resources/], Classpath [static/], Classpath [public/], ServletContext [/]]
17 May 2021 - 16:41:07.964 [http-nio-auto-1-exec-7] DEBUG o.s.w.s.h.SimpleUrlHandlerMapping - Mapped to ResourceHttpRequestHandler [Classpath [META-INF/resources/], Classpath [resources/], Classpath [static/], Classpath [public/], ServletContext [/]]
17 May 2021 - 16:41:07.975 [http-nio-auto-1-exec-8] DEBUG o.s.web.servlet.DispatcherServlet - Completed 200 OK
17 May 2021 - 16:41:07.976 [http-nio-auto-1-exec-3] DEBUG o.s.web.servlet.DispatcherServlet - Completed 200 OK
17 May 2021 - 16:41:07.981 [http-nio-auto-1-exec-4] DEBUG o.s.web.servlet.DispatcherServlet - Completed 200 OK
17 May 2021 - 16:41:07.984 [http-nio-auto-1-exec-7] DEBUG o.s.web.servlet.DispatcherServlet - Completed 200 OK
17 May 2021 - 16:41:07.986 [http-nio-auto-1-exec-7] DEBUG o.s.web.servlet.DispatcherServlet - GET "/js/jquery.nicescroll.min.js", parameters={}
17 May 2021 - 16:41:07.987 [http-nio-auto-1-exec-9] DEBUG o.s.web.servlet.DispatcherServlet - Completed 200 OK
17 May 2021 - 16:41:07.987 [http-nio-auto-1-exec-7] DEBUG o.s.w.s.h.SimpleUrlHandlerMapping - Mapped to ResourceHttpRequestHandler [Classpath [META-INF/resources/], Classpath [resources/], Classpath [static/], Classpath [public/], ServletContext [/]]
17 May 2021 - 16:41:07.991 [http-nio-auto-1-exec-4] DEBUG o.s.web.servlet.DispatcherServlet - GET "/js/jquery.stellar.min.js", parameters={}
17 May 2021 - 16:41:07.993 [http-nio-auto-1-exec-4] DEBUG o.s.w.s.h.SimpleUrlHandlerMapping - Mapped to ResourceHttpRequestHandler [Classpath [META-INF/resources/], Classpath [resources/], Classpath [static/], Classpath [public/], ServletContext [/]]
17 May 2021 - 16:41:07.995 [http-nio-auto-1-exec-7] DEBUG o.s.web.servlet.DispatcherServlet - Completed 200 OK
17 May 2021 - 16:41:08.000 [http-nio-auto-1-exec-4] DEBUG o.s.web.servlet.DispatcherServlet - Completed 200 OK
17 May 2021 - 16:41:08.007 [http-nio-auto-1-exec-1] DEBUG o.s.web.servlet.DispatcherServlet - Completed 200 OK
17 May 2021 - 16:41:08.031 [http-nio-auto-1-exec-10] DEBUG o.s.web.servlet.DispatcherServlet - GET "/js/animated.js", parameters={}
17 May 2021 - 16:41:08.032 [http-nio-auto-1-exec-2] DEBUG o.s.web.servlet.DispatcherServlet - GET "/js/main.js", parameters={}
17 May 2021 - 16:41:08.033 [http-nio-auto-1-exec-2] DEBUG o.s.w.s.h.SimpleUrlHandlerMapping - Mapped to ResourceHttpRequestHandler [Classpath [META-INF/resources/], Classpath [resources/], Classpath [static/], Classpath [public/], ServletContext [/]]
17 May 2021 - 16:41:08.033 [http-nio-auto-1-exec-10] DEBUG o.s.w.s.h.SimpleUrlHandlerMapping - Mapped to ResourceHttpRequestHandler [Classpath [META-INF/resources/], Classpath [resources/], Classpath [static/], Classpath [public/], ServletContext [/]]
17 May 2021 - 16:41:08.037 [http-nio-auto-1-exec-10] DEBUG o.s.web.servlet.DispatcherServlet - Completed 200 OK
17 May 2021 - 16:41:08.037 [http-nio-auto-1-exec-2] DEBUG o.s.web.servlet.DispatcherServlet - Completed 200 OK
17 May 2021 - 16:41:08.183 [http-nio-auto-1-exec-8] DEBUG o.s.web.servlet.DispatcherServlet - GET "/fonts/fontawesome-webfont.woff?v=4.2.0", parameters={masked}
17 May 2021 - 16:41:08.184 [http-nio-auto-1-exec-8] DEBUG o.s.w.s.h.SimpleUrlHandlerMapping - Mapped to ResourceHttpRequestHandler [Classpath [META-INF/resources/], Classpath [resources/], Classpath [static/], Classpath [public/], ServletContext [/]]
17 May 2021 - 16:41:08.192 [http-nio-auto-1-exec-8] DEBUG o.s.web.servlet.DispatcherServlet - Completed 200 OK
17 May 2021 - 16:41:08.270 [http-nio-auto-1-exec-3] DEBUG o.s.web.servlet.DispatcherServlet - GET "/favicon.ico", parameters={}
17 May 2021 - 16:41:08.272 [http-nio-auto-1-exec-3] DEBUG o.s.w.s.h.SimpleUrlHandlerMapping - Mapped to ResourceHttpRequestHandler [Classpath [META-INF/resources/], Classpath [resources/], Classpath [static/], Classpath [public/], ServletContext [/]]
17 May 2021 - 16:41:08.275 [http-nio-auto-1-exec-3] DEBUG o.s.w.s.r.ResourceHttpRequestHandler - Resource not found
17 May 2021 - 16:41:08.276 [http-nio-auto-1-exec-3] DEBUG o.s.web.servlet.DispatcherServlet - Completed 404 NOT_FOUND
17 May 2021 - 16:41:08.277 [http-nio-auto-1-exec-3] DEBUG o.s.web.servlet.DispatcherServlet - "ERROR" dispatch for GET "/error", parameters={}
17 May 2021 - 16:41:08.278 [http-nio-auto-1-exec-3] DEBUG o.s.w.s.m.m.a.RequestMappingHandlerMapping - Mapped to org.springframework.boot.autoconfigure.web.servlet.error.BasicErrorController#error(HttpServletRequest)
17 May 2021 - 16:41:08.280 [http-nio-auto-1-exec-3] DEBUG o.s.w.s.m.m.a.HttpEntityMethodProcessor - Using 'application/json;q=0.8', given [image/avif, image/webp, image/apng, image/svg+xml, image/*, */*;q=0.8] and supported [application/json, application/*+json, application/json, application/*+json]
17 May 2021 - 16:41:08.281 [http-nio-auto-1-exec-3] DEBUG o.s.w.s.m.m.a.HttpEntityMethodProcessor - Writing [{timestamp=Mon May 17 16:41:08 BST 2021, status=404, error=Not Found, message=, path=/favicon.ico}]
17 May 2021 - 16:41:08.283 [http-nio-auto-1-exec-3] DEBUG o.s.web.servlet.DispatcherServlet - Exiting from "ERROR" dispatch, status 404
17 May 2021 - 16:41:08.495 [http-nio-auto-1-exec-9] DEBUG o.s.web.servlet.DispatcherServlet - GET "/images/pattern.png", parameters={}
17 May 2021 - 16:41:08.495 [http-nio-auto-1-exec-9] DEBUG o.s.w.s.h.SimpleUrlHandlerMapping - Mapped to ResourceHttpRequestHandler [Classpath [META-INF/resources/], Classpath [resources/], Classpath [static/], Classpath [public/], ServletContext [/]]
17 May 2021 - 16:41:08.513 [http-nio-auto-1-exec-9] DEBUG o.s.web.servlet.DispatcherServlet - Completed 200 OK
17 May 2021 - 16:41:08.671 [http-nio-auto-1-exec-7] DEBUG o.s.web.servlet.DispatcherServlet - GET "/location?name=Porto", parameters={masked}
17 May 2021 - 16:41:08.677 [http-nio-auto-1-exec-7] DEBUG o.s.w.s.m.m.a.RequestMappingHandlerMapping - Mapped to airquality.controller.LocationController#getDataByLocation(Location, Model)
17 May 2021 - 16:41:08.679 [http-nio-auto-1-exec-7] DEBUG o.s.w.s.v.ContentNegotiatingViewResolver - Selected 'text/html' given [text/html, application/xhtml+xml, image/avif, image/webp, image/apng, application/xml;q=0.9, application/signed-exchange;v=b3;q=0.9, */*;q=0.8]
17 May 2021 - 16:41:08.686 [http-nio-auto-1-exec-7] DEBUG o.s.web.servlet.DispatcherServlet - Completed 200 OK
17 May 2021 - 16:41:10.375 [http-nio-auto-1-exec-8] DEBUG o.s.web.servlet.DispatcherServlet - GET "/", parameters={}
17 May 2021 - 16:41:10.376 [http-nio-auto-1-exec-8] DEBUG o.s.w.s.m.m.a.RequestMappingHandlerMapping - Mapped to airquality.controller.HomeController#index(Model)
17 May 2021 - 16:41:10.377 [http-nio-auto-1-exec-8] DEBUG o.s.w.s.v.ContentNegotiatingViewResolver - Selected 'text/html' given [text/html, application/xhtml+xml, image/avif, image/webp, image/apng, application/xml;q=0.9, application/signed-exchange;v=b3;q=0.9, */*;q=0.8]
17 May 2021 - 16:41:10.383 [http-nio-auto-1-exec-8] DEBUG o.s.web.servlet.DispatcherServlet - Completed 200 OK
17 May 2021 - 16:41:10.513 [http-nio-auto-1-exec-9] DEBUG o.s.web.servlet.DispatcherServlet - GET "/css/et-lineicon.css", parameters={}
17 May 2021 - 16:41:10.514 [http-nio-auto-1-exec-3] DEBUG o.s.web.servlet.DispatcherServlet - GET "/css/bootstrap.min.css", parameters={}
17 May 2021 - 16:41:10.515 [http-nio-auto-1-exec-9] DEBUG o.s.w.s.h.SimpleUrlHandlerMapping - Mapped to ResourceHttpRequestHandler [Classpath [META-INF/resources/], Classpath [resources/], Classpath [static/], Classpath [public/], ServletContext [/]]
17 May 2021 - 16:41:10.518 [http-nio-auto-1-exec-3] DEBUG o.s.w.s.h.SimpleUrlHandlerMapping - Mapped to ResourceHttpRequestHandler [Classpath [META-INF/resources/], Classpath [resources/], Classpath [static/], Classpath [public/], ServletContext [/]]
17 May 2021 - 16:41:10.520 [http-nio-auto-1-exec-5] DEBUG o.s.web.servlet.DispatcherServlet - GET "/css/style.css", parameters={}
17 May 2021 - 16:41:10.522 [http-nio-auto-1-exec-5] DEBUG o.s.w.s.h.SimpleUrlHandlerMapping - Mapped to ResourceHttpRequestHandler [Classpath [META-INF/resources/], Classpath [resources/], Classpath [static/], Classpath [public/], ServletContext [/]]
17 May 2021 - 16:41:10.523 [http-nio-auto-1-exec-9] DEBUG o.s.web.servlet.DispatcherServlet - Completed 200 OK
17 May 2021 - 16:41:10.520 [http-nio-auto-1-exec-7] DEBUG o.s.web.servlet.DispatcherServlet - GET "/css/font-awesome.min.css", parameters={}
17 May 2021 - 16:41:10.526 [http-nio-auto-1-exec-7] DEBUG o.s.w.s.h.SimpleUrlHandlerMapping - Mapped to ResourceHttpRequestHandler [Classpath [META-INF/resources/], Classpath [resources/], Classpath [static/], Classpath [public/], ServletContext [/]]
17 May 2021 - 16:41:10.527 [http-nio-auto-1-exec-5] DEBUG o.s.web.servlet.DispatcherServlet - Completed 200 OK
17 May 2021 - 16:41:10.531 [http-nio-auto-1-exec-3] DEBUG o.s.web.servlet.DispatcherServlet - Completed 200 OK
17 May 2021 - 16:41:10.532 [http-nio-auto-1-exec-7] DEBUG o.s.web.servlet.DispatcherServlet - Completed 200 OK
17 May 2021 - 16:41:10.533 [http-nio-auto-1-exec-7] DEBUG o.s.web.servlet.DispatcherServlet - GET "/js/jquery.lwtCountdown-1.0.js", parameters={}
17 May 2021 - 16:41:10.534 [http-nio-auto-1-exec-7] DEBUG o.s.w.s.h.SimpleUrlHandlerMapping - Mapped to ResourceHttpRequestHandler [Classpath [META-INF/resources/], Classpath [resources/], Classpath [static/], Classpath [public/], ServletContext [/]]
17 May 2021 - 16:41:10.533 [http-nio-auto-1-exec-3] DEBUG o.s.web.servlet.DispatcherServlet - GET "/js/jquery.min.js", parameters={}
17 May 2021 - 16:41:10.535 [http-nio-auto-1-exec-3] DEBUG o.s.w.s.h.SimpleUrlHandlerMapping - Mapped to ResourceHttpRequestHandler [Classpath [META-INF/resources/], Classpath [resources/], Classpath [static/], Classpath [public/], ServletContext [/]]
17 May 2021 - 16:41:10.539 [http-nio-auto-1-exec-4] DEBUG o.s.web.servlet.DispatcherServlet - GET "/js/jquery.stellar.min.js", parameters={}
17 May 2021 - 16:41:10.540 [http-nio-auto-1-exec-4] DEBUG o.s.w.s.h.SimpleUrlHandlerMapping - Mapped to ResourceHttpRequestHandler [Classpath [META-INF/resources/], Classpath [resources/], Classpath [static/], Classpath [public/], ServletContext [/]]
17 May 2021 - 16:41:10.543 [http-nio-auto-1-exec-7] DEBUG o.s.web.servlet.DispatcherServlet - Completed 200 OK
17 May 2021 - 16:41:10.545 [http-nio-auto-1-exec-7] DEBUG o.s.web.servlet.DispatcherServlet - GET "/js/animated.js", parameters={}
17 May 2021 - 16:41:10.546 [http-nio-auto-1-exec-7] DEBUG o.s.w.s.h.SimpleUrlHandlerMapping - Mapped to ResourceHttpRequestHandler [Classpath [META-INF/resources/], Classpath [resources/], Classpath [static/], Classpath [public/], ServletContext [/]]
17 May 2021 - 16:41:10.546 [http-nio-auto-1-exec-4] DEBUG o.s.web.servlet.DispatcherServlet - Completed 200 OK
17 May 2021 - 16:41:10.548 [http-nio-auto-1-exec-3] DEBUG o.s.web.servlet.DispatcherServlet - Completed 200 OK
17 May 2021 - 16:41:10.543 [http-nio-auto-1-exec-2] DEBUG o.s.web.servlet.DispatcherServlet - GET "/js/jquery.nicescroll.min.js", parameters={}
17 May 2021 - 16:41:10.548 [http-nio-auto-1-exec-4] DEBUG o.s.web.servlet.DispatcherServlet - GET "/js/main.js", parameters={}
17 May 2021 - 16:41:10.550 [http-nio-auto-1-exec-4] DEBUG o.s.w.s.h.SimpleUrlHandlerMapping - Mapped to ResourceHttpRequestHandler [Classpath [META-INF/resources/], Classpath [resources/], Classpath [static/], Classpath [public/], ServletContext [/]]
17 May 2021 - 16:41:10.550 [http-nio-auto-1-exec-2] DEBUG o.s.w.s.h.SimpleUrlHandlerMapping - Mapped to ResourceHttpRequestHandler [Classpath [META-INF/resources/], Classpath [resources/], Classpath [static/], Classpath [public/], ServletContext [/]]
17 May 2021 - 16:41:10.552 [http-nio-auto-1-exec-7] DEBUG o.s.web.servlet.DispatcherServlet - Completed 200 OK
17 May 2021 - 16:41:10.554 [http-nio-auto-1-exec-4] DEBUG o.s.web.servlet.DispatcherServlet - Completed 200 OK
17 May 2021 - 16:41:10.558 [http-nio-auto-1-exec-2] DEBUG o.s.web.servlet.DispatcherServlet - Completed 200 OK
17 May 2021 - 16:41:10.746 [http-nio-auto-1-exec-9] DEBUG o.s.web.servlet.DispatcherServlet - GET "/fonts/fontawesome-webfont.woff?v=4.2.0", parameters={masked}
17 May 2021 - 16:41:10.747 [http-nio-auto-1-exec-9] DEBUG o.s.w.s.h.SimpleUrlHandlerMapping - Mapped to ResourceHttpRequestHandler [Classpath [META-INF/resources/], Classpath [resources/], Classpath [static/], Classpath [public/], ServletContext [/]]
17 May 2021 - 16:41:10.754 [http-nio-auto-1-exec-9] DEBUG o.s.web.servlet.DispatcherServlet - Completed 200 OK
17 May 2021 - 16:41:10.816 [http-nio-auto-1-exec-5] DEBUG o.s.web.servlet.DispatcherServlet - GET "/favicon.ico", parameters={}
17 May 2021 - 16:41:10.817 [http-nio-auto-1-exec-5] DEBUG o.s.w.s.h.SimpleUrlHandlerMapping - Mapped to ResourceHttpRequestHandler [Classpath [META-INF/resources/], Classpath [resources/], Classpath [static/], Classpath [public/], ServletContext [/]]
17 May 2021 - 16:41:10.819 [http-nio-auto-1-exec-5] DEBUG o.s.w.s.r.ResourceHttpRequestHandler - Resource not found
17 May 2021 - 16:41:10.820 [http-nio-auto-1-exec-5] DEBUG o.s.web.servlet.DispatcherServlet - Completed 404 NOT_FOUND
17 May 2021 - 16:41:10.820 [http-nio-auto-1-exec-5] DEBUG o.s.web.servlet.DispatcherServlet - "ERROR" dispatch for GET "/error", parameters={}
17 May 2021 - 16:41:10.821 [http-nio-auto-1-exec-5] DEBUG o.s.w.s.m.m.a.RequestMappingHandlerMapping - Mapped to org.springframework.boot.autoconfigure.web.servlet.error.BasicErrorController#error(HttpServletRequest)
17 May 2021 - 16:41:10.823 [http-nio-auto-1-exec-5] DEBUG o.s.w.s.m.m.a.HttpEntityMethodProcessor - Using 'application/json;q=0.8', given [image/avif, image/webp, image/apng, image/svg+xml, image/*, */*;q=0.8] and supported [application/json, application/*+json, application/json, application/*+json]
17 May 2021 - 16:41:10.823 [http-nio-auto-1-exec-5] DEBUG o.s.w.s.m.m.a.HttpEntityMethodProcessor - Writing [{timestamp=Mon May 17 16:41:10 BST 2021, status=404, error=Not Found, message=, path=/favicon.ico}]
17 May 2021 - 16:41:10.825 [http-nio-auto-1-exec-5] DEBUG o.s.web.servlet.DispatcherServlet - Exiting from "ERROR" dispatch, status 404
17 May 2021 - 16:41:11.062 [http-nio-auto-1-exec-6] DEBUG o.s.web.servlet.DispatcherServlet - GET "/cacheStatistics", parameters={}
17 May 2021 - 16:41:11.062 [http-nio-auto-1-exec-6] DEBUG o.s.w.s.m.m.a.RequestMappingHandlerMapping - Mapped to airquality.controller.LocationController#cacheInfo(Model)
17 May 2021 - 16:41:11.064 [http-nio-auto-1-exec-6] DEBUG o.s.w.s.v.ContentNegotiatingViewResolver - Selected 'text/html' given [text/html, application/xhtml+xml, image/avif, image/webp, image/apng, application/xml;q=0.9, application/signed-exchange;v=b3;q=0.9, */*;q=0.8]
17 May 2021 - 16:41:11.070 [http-nio-auto-1-exec-6] DEBUG o.s.web.servlet.DispatcherServlet - Completed 200 OK
17 May 2021 - 16:41:11.926 [main] INFO  o.s.b.t.a.w.s.WebMvcTestContextBootstrapper - Neither @ContextConfiguration nor @ContextHierarchy found for test class [airquality.IntegrationTests], using SpringBootContextLoader
17 May 2021 - 16:41:11.958 [main] INFO  o.s.b.t.c.SpringBootTestContextBootstrapper - Found @SpringBootConfiguration airquality.Homework1AirQualityApplication for test class airquality.IntegrationTests
17 May 2021 - 16:41:11.958 [main] DEBUG o.s.b.t.a.w.s.WebMvcTestContextBootstrapper - @TestExecutionListeners is not present for class [airquality.IntegrationTests]: using defaults.
17 May 2021 - 16:41:11.958 [main] INFO  o.s.b.t.a.w.s.WebMvcTestContextBootstrapper - Loaded default TestExecutionListener class names from location [META-INF/spring.factories]: [org.springframework.boot.test.mock.mockito.MockitoTestExecutionListener, org.springframework.boot.test.mock.mockito.ResetMocksTestExecutionListener, org.springframework.boot.test.autoconfigure.restdocs.RestDocsTestExecutionListener, org.springframework.boot.test.autoconfigure.web.client.MockRestServiceServerResetTestExecutionListener, org.springframework.boot.test.autoconfigure.web.servlet.MockMvcPrintOnlyOnFailureTestExecutionListener, org.springframework.boot.test.autoconfigure.web.servlet.WebDriverTestExecutionListener, org.springframework.boot.test.autoconfigure.webservices.client.MockWebServiceServerTestExecutionListener, org.springframework.test.context.web.ServletTestExecutionListener, org.springframework.test.context.support.DirtiesContextBeforeModesTestExecutionListener, org.springframework.test.context.event.ApplicationEventsTestExecutionListener, org.springframework.test.context.support.DependencyInjectionTestExecutionListener, org.springframework.test.context.support.DirtiesContextTestExecutionListener, org.springframework.test.context.transaction.TransactionalTestExecutionListener, org.springframework.test.context.jdbc.SqlScriptsTestExecutionListener, org.springframework.test.context.event.EventPublishingTestExecutionListener]
17 May 2021 - 16:41:11.958 [main] DEBUG o.s.b.t.a.w.s.WebMvcTestContextBootstrapper - Skipping candidate TestExecutionListener [org.springframework.test.context.transaction.TransactionalTestExecutionListener] due to a missing dependency. Specify custom listener classes or make the default listener classes and their required dependencies available. Offending class: [org/springframework/transaction/interceptor/TransactionAttributeSource]
17 May 2021 - 16:41:11.958 [main] DEBUG o.s.b.t.a.w.s.WebMvcTestContextBootstrapper - Skipping candidate TestExecutionListener [org.springframework.test.context.jdbc.SqlScriptsTestExecutionListener] due to a missing dependency. Specify custom listener classes or make the default listener classes and their required dependencies available. Offending class: [org/springframework/transaction/interceptor/TransactionAttribute]
17 May 2021 - 16:41:11.958 [main] INFO  o.s.b.t.a.w.s.WebMvcTestContextBootstrapper - Using TestExecutionListeners: [org.springframework.test.context.web.ServletTestExecutionListener@31aa9b01, org.springframework.test.context.support.DirtiesContextBeforeModesTestExecutionListener@2148b47e, org.springframework.test.context.event.ApplicationEventsTestExecutionListener@410f1452, org.springframework.boot.test.mock.mockito.MockitoTestExecutionListener@463a1f47, org.springframework.boot.test.autoconfigure.SpringBootDependencyInjectionTestExecutionListener@23ade612, org.springframework.test.context.support.DirtiesContextTestExecutionListener@47224d5d, org.springframework.test.context.event.EventPublishingTestExecutionListener@7e366c6f, org.springframework.boot.test.mock.mockito.ResetMocksTestExecutionListener@68e094c9, org.springframework.boot.test.autoconfigure.restdocs.RestDocsTestExecutionListener@243162b1, org.springframework.boot.test.autoconfigure.web.client.MockRestServiceServerResetTestExecutionListener@712c9bcf, org.springframework.boot.test.autoconfigure.web.servlet.MockMvcPrintOnlyOnFailureTestExecutionListener@3c34c491, org.springframework.boot.test.autoconfigure.web.servlet.WebDriverTestExecutionListener@509e4902, org.springframework.boot.test.autoconfigure.webservices.client.MockWebServiceServerTestExecutionListener@7f958d4a]
17 May 2021 - 16:41:12.068 [main] DEBUG o.s.boot.SpringApplication - Loading source class airquality.Homework1AirQualityApplication,class airquality.IntegrationTests$Config
17 May 2021 - 16:41:12.088 [main] DEBUG o.s.w.c.s.GenericWebApplicationContext - Refreshing org.springframework.web.context.support.GenericWebApplicationContext@578c99ac
17 May 2021 - 16:41:13.125 [main] DEBUG o.s.w.s.m.m.a.RequestMappingHandlerAdapter - ControllerAdvice beans: 0 @ModelAttribute, 0 @InitBinder, 1 RequestBodyAdvice, 1 ResponseBodyAdvice
17 May 2021 - 16:41:13.173 [main] DEBUG o.s.w.s.m.m.a.RequestMappingHandlerMapping - 5 mappings in 'requestMappingHandlerMapping'
17 May 2021 - 16:41:13.173 [main] INFO  o.s.b.a.w.s.WelcomePageHandlerMapping - Adding welcome page template: index
17 May 2021 - 16:41:13.320 [main] DEBUG o.s.w.s.h.SimpleUrlHandlerMapping - Patterns [/webjars/**, /**] in 'resourceHandlerMapping'
17 May 2021 - 16:41:13.338 [main] DEBUG o.s.w.s.m.m.a.ExceptionHandlerExceptionResolver - ControllerAdvice beans: 0 @ExceptionHandler, 1 ResponseBodyAdvice
17 May 2021 - 16:41:13.527 [main] DEBUG o.s.b.w.s.ServletContextInitializerBeans - Mapping filters: characterEncodingFilter urls=[/*] order=-2147483648, formContentFilter urls=[/*] order=-9900, requestContextFilter urls=[/*] order=-105
17 May 2021 - 16:41:13.527 [main] DEBUG o.s.b.w.s.ServletContextInitializerBeans - Mapping servlets: 
17 May 2021 - 16:41:13.543 [main] INFO  o.s.b.t.m.w.SpringBootMockServletContext - Initializing Spring TestDispatcherServlet ''
17 May 2021 - 16:41:15.238 [main] DEBUG o.s.w.s.m.m.a.RequestMappingHandlerMapping - Mapped to airquality.controller.APIController#cacheJsonStats()
17 May 2021 - 16:41:15.253 [main] DEBUG o.s.w.s.m.m.a.RequestResponseBodyMethodProcessor - Using 'text/plain', given [*/*] and supported [text/plain, */*, text/plain, */*, application/json, application/*+json, application/json, application/*+json]
17 May 2021 - 16:41:15.253 [main] DEBUG o.s.w.s.m.m.a.RequestResponseBodyMethodProcessor - Writing ["{}"]
17 May 2021 - 16:41:15.753 [main] DEBUG o.s.w.s.m.m.a.RequestMappingHandlerMapping - Mapped to airquality.controller.APIController#cacheStats()
17 May 2021 - 16:41:15.753 [main] DEBUG o.s.w.s.m.m.a.HttpEntityMethodProcessor - Using 'application/json', given [*/*] and supported [application/json, application/*+json, application/json, application/*+json]
17 May 2021 - 16:41:15.753 [main] DEBUG o.s.w.s.m.m.a.HttpEntityMethodProcessor - Writing [{Hits=1, Misses=1, Requests=2}]
17 May 2021 - 16:41:16.701 [main] DEBUG o.s.w.s.m.m.a.RequestMappingHandlerMapping - Mapped to airquality.controller.APIController#getValidLocation(String)
17 May 2021 - 16:41:16.733 [main] DEBUG o.s.w.s.m.m.a.HttpEntityMethodProcessor - Using 'application/json', given [*/*] and supported [application/json, application/*+json, application/json, application/*+json]
17 May 2021 - 16:41:16.733 [main] DEBUG o.s.w.s.m.m.a.HttpEntityMethodProcessor - Nothing to write: null body
17 May 2021 - 16:41:18.712 [SpringContextShutdownHook] DEBUG o.s.w.c.s.GenericWebApplicationContext - Closing org.springframework.web.context.support.GenericWebApplicationContext@578c99ac, started on Mon May 17 16:41:12 BST 2021
17 May 2021 - 16:41:18.712 [SpringContextShutdownHook] DEBUG o.s.b.w.s.c.AnnotationConfigServletWebServerApplicationContext - Closing org.springframework.boot.web.servlet.context.AnnotationConfigServletWebServerApplicationContext@28fa700e, started on Mon May 17 16:40:48 BST 2021
